/home/hpc-0235/.local/lib/python3.7/site-packages/visdom/server.py:39: DeprecationWarning: zmq.eventloop.ioloop is deprecated in pyzmq 17. pyzmq now works with default tornado and asyncio eventloops.
  ioloop.install()  # Needs to happen before any tornado imports!
INFO:root:Application Started
2021-06-23 11:45:25,912:WARNING: Setting up a new session...
INFO:tornado.access:200 POST /env/main (127.0.0.1) 0.53ms
INFO:tornado.access:101 GET /vis_socket (127.0.0.1) 0.34ms
INFO:root:Opened visdom socket from ip: 127.0.0.1
2021-06-23 11:45:25,934:INFO: Visdom successfully connected to server
2021-06-23 11:45:26,032:WARNING: Setting up a new session...
INFO:tornado.access:200 POST /env/main (127.0.0.1) 0.96ms
INFO:tornado.access:101 GET /vis_socket (127.0.0.1) 0.76ms
INFO:root:Opened visdom socket from ip: 127.0.0.1
2021-06-23 11:45:26,045:INFO: Visdom successfully connected to server
2021-06-23 11:45:26,142:WARNING: Setting up a new session...
INFO:tornado.access:200 POST /env/main (127.0.0.1) 0.97ms
INFO:tornado.access:101 GET /vis_socket (127.0.0.1) 0.33ms
INFO:root:Opened visdom socket from ip: 127.0.0.1
2021-06-23 11:45:26,157:INFO: Visdom successfully connected to server
2021-06-23 11:45:26,255:WARNING: Setting up a new session...
INFO:tornado.access:200 POST /env/main (127.0.0.1) 1.18ms
INFO:tornado.access:101 GET /vis_socket (127.0.0.1) 0.35ms
INFO:root:Opened visdom socket from ip: 127.0.0.1
2021-06-23 11:45:26,268:INFO: Visdom successfully connected to server
2021-06-23 11:45:26,366:WARNING: Setting up a new session...
INFO:tornado.access:200 POST /env/main (127.0.0.1) 0.96ms
INFO:tornado.access:101 GET /vis_socket (127.0.0.1) 0.35ms
INFO:root:Opened visdom socket from ip: 127.0.0.1
2021-06-23 11:45:26,379:INFO: Visdom successfully connected to server
2021-06-23 11:45:26,477:INFO: dataset_dir: lidar_mocap_convert/
2021-06-23 11:45:26,477:INFO: dataset_name: lidar_mocap
2021-06-23 11:45:26,477:INFO: model_dir: ./
2021-06-23 11:45:26,477:INFO: model_name: HCN
2021-06-23 11:45:26,477:INFO: load_model: None
2021-06-23 11:45:26,477:INFO: load: False
2021-06-23 11:45:26,477:INFO: mode: train
2021-06-23 11:45:26,478:INFO: num: 01
2021-06-23 11:45:26,478:INFO: model_version: HCN
2021-06-23 11:45:26,478:INFO: experiment_path: ./experiments/lidar_mocap/HCN01
2021-06-23 11:45:26,478:INFO: restore_file: None
2021-06-23 11:45:26,478:INFO: gpu_id: 0
2021-06-23 11:45:26,478:INFO: cuda: True
2021-06-23 11:45:26,478:INFO: data_parallel: False
2021-06-23 11:45:26,478:INFO: seed: 0
2021-06-23 11:45:26,478:INFO: lr: 0.001
2021-06-23 11:45:26,478:INFO: lr_decay_type: exp
2021-06-23 11:45:26,479:INFO: lr_step: [100, 160, 200]
2021-06-23 11:45:26,479:INFO: scheduler_gamma: 0.1
2021-06-23 11:45:26,479:INFO: scheduler_gamma2: 0.99
2021-06-23 11:45:26,479:INFO: scheduler_gamma3: 0.5
2021-06-23 11:45:26,479:INFO: patience: 20
2021-06-23 11:45:26,479:INFO: batch_size: 64
2021-06-23 11:45:26,479:INFO: num_epochs: 400
2021-06-23 11:45:26,479:INFO: start_epoch: 0
2021-06-23 11:45:26,479:INFO: save_best_ever_n_epoch: 50
2021-06-23 11:45:26,479:INFO: save_summary_steps: 1
2021-06-23 11:45:26,480:INFO: num_workers: 4
2021-06-23 11:45:26,480:INFO: optimizer: Adam
2021-06-23 11:45:26,480:INFO: weight_decay: 0.0001
2021-06-23 11:45:26,480:INFO: clip: 0.5
2021-06-23 11:45:26,480:INFO: train_feeder_args: {'data_path': None, 'label_path': None, 'random_valid_choose': False, 'random_shift': False, 'random_move': False, 'window_size': 32, 'normalization': False, 'debug': False, 'origin_transfer': 0, 'crop_resize': True, 'p_interval': [0.5, 1]}
2021-06-23 11:45:26,480:INFO: test_feeder_args: {'data_path': None, 'label_path': None, 'random_valid_choose': False, 'random_shift': False, 'random_move': False, 'window_size': 32, 'normalization': False, 'debug': False, 'origin_transfer': 0, 'crop_resize': True, 'p_interval': [0.95]}
2021-06-23 11:45:26,480:INFO: model_args: {'in_channel': 3, 'out_channel': 64, 'window_size': 32, 'num_joint': 13, 'num_person': 1, 'num_class': 10}
2021-06-23 11:45:26,480:INFO: loss_args: {'type': 'CE'}
2021-06-23 11:45:26,480:INFO: dataset_dir: lidar_mocap_convert/
2021-06-23 11:45:26,481:INFO: dataset_name: lidar_mocap
2021-06-23 11:45:26,481:INFO: mode: train
2021-06-23 11:45:41,261:INFO: HCN(
  (conv1): Sequential(
    (0): Conv2d(3, 64, kernel_size=(1, 1), stride=(1, 1))
    (1): ReLU()
  )
  (conv2): Conv2d(64, 32, kernel_size=(3, 1), stride=(1, 1), padding=(1, 0))
  (conv3): Sequential(
    (0): Conv2d(13, 32, kernel_size=(3, 3), stride=(1, 1), padding=(1, 1))
    (1): MaxPool2d(kernel_size=2, stride=2, padding=0, dilation=1, ceil_mode=False)
  )
  (conv4): Sequential(
    (0): Conv2d(32, 64, kernel_size=(3, 3), stride=(1, 1), padding=(1, 1))
    (1): Dropout2d(p=0.5, inplace=False)
    (2): MaxPool2d(kernel_size=2, stride=2, padding=0, dilation=1, ceil_mode=False)
  )
  (conv1m): Sequential(
    (0): Conv2d(3, 64, kernel_size=(1, 1), stride=(1, 1))
    (1): ReLU()
  )
  (conv2m): Conv2d(64, 32, kernel_size=(3, 1), stride=(1, 1), padding=(1, 0))
  (conv3m): Sequential(
    (0): Conv2d(13, 32, kernel_size=(3, 3), stride=(1, 1), padding=(1, 1))
    (1): MaxPool2d(kernel_size=2, stride=2, padding=0, dilation=1, ceil_mode=False)
  )
  (conv4m): Sequential(
    (0): Conv2d(32, 64, kernel_size=(3, 3), stride=(1, 1), padding=(1, 1))
    (1): Dropout2d(p=0.5, inplace=False)
    (2): MaxPool2d(kernel_size=2, stride=2, padding=0, dilation=1, ceil_mode=False)
  )
  (conv5): Sequential(
    (0): Conv2d(128, 128, kernel_size=(3, 3), stride=(1, 1), padding=(1, 1))
    (1): ReLU()
    (2): Dropout2d(p=0.5, inplace=False)
    (3): MaxPool2d(kernel_size=2, stride=2, padding=0, dilation=1, ceil_mode=False)
  )
  (conv6): Sequential(
    (0): Conv2d(128, 256, kernel_size=(3, 3), stride=(1, 1), padding=(1, 1))
    (1): ReLU()
    (2): Dropout2d(p=0.5, inplace=False)
    (3): MaxPool2d(kernel_size=2, stride=2, padding=0, dilation=1, ceil_mode=False)
  )
  (fc7): Sequential(
    (0): Linear(in_features=1024, out_features=512, bias=True)
    (1): ReLU()
    (2): Dropout2d(p=0.5, inplace=False)
  )
  (fc8): Linear(in_features=512, out_features=10, bias=True)
)
2021-06-23 11:45:41,262:INFO: Loading the datasets...
weight initial finished!
Traceback (most recent call last):
  File "/home/hpc-0235/HCN-pytorch/feeder/feeder.py", line 72, in load_data
    with open(self.label_path) as f:
FileNotFoundError: [Errno 2] No such file or directory: 'lidar_mocap_convert/lidar_mocap/xview/train_label.pkl'

During handling of the above exception, another exception occurred:

Traceback (most recent call last):
  File "main.py", line 517, in <module>
    train_dl = data_loader.fetch_dataloader('train', params)
  File "/home/hpc-0235/HCN-pytorch/data_loader.py", line 29, in fetch_dataloader
    dataset=Feeder(**params.train_feeder_args),
  File "/home/hpc-0235/HCN-pytorch/feeder/feeder.py", line 61, in __init__
    self.load_data()
  File "/home/hpc-0235/HCN-pytorch/feeder/feeder.py", line 76, in load_data
    with open(self.label_path, 'rb') as f:
FileNotFoundError: [Errno 2] No such file or directory: 'lidar_mocap_convert/lidar_mocap/xview/train_label.pkl'
